<?xml version="1.0" encoding="UTF-8"?>
<!-- Generated by org.testng.reporters.JUnitReportReporter -->
<testsuite skipped="0" hostname="rajashekar" name="com.codebind.Apptest" tests="1" failures="0" timestamp="07 Aug 2021 10:08:28 GMT" time="0.020" errors="0">
  <testcase name="test" time="0.020" classname="com.codebind.Apptest"/>
</testsuite> <!-- com.codebind.Apptest -->
